<?xml version="1.0" encoding="UTF-8"?>
<testsuite name="com.telran.qa16.tests.GroupDeletionTest" tests="4" skipped="0" failures="0" errors="0" timestamp="2018-08-20T17:04:06" hostname="DESKTOP-Q5R7ENV" time="10.728">
  <properties/>
  <testcase name="groupDeletionTest" classname="com.telran.qa16.tests.GroupDeletionTest" time="2.31"/>
  <testcase name="groupDeletionTestByIndex" classname="com.telran.qa16.tests.GroupDeletionTest" time="2.282"/>
  <testcase name="groupDeletionTestByIndexWithList" classname="com.telran.qa16.tests.GroupDeletionTest" time="3.277"/>
  <testcase name="groupDeletionTestList" classname="com.telran.qa16.tests.GroupDeletionTest" time="2.853"/>
  <system-out><![CDATA[20:04:06.859 [Test worker] INFO  com.telran.qa16.tests.TestBase - Start test groupDeletionTest
[Name: listNameG, id: 308 ; , Name: listNameG, id: 316 ; , Name: listNameG, id: 321 ; , Name: modifyedName, id: 306 ; , Name: modifyedName, id: 323 ; , Name: modifyedName2, id: 292 ; , Name: modifyedName2, id: 296 ; , Name: modifyedName2, id: 300 ; , Name: modifyedName2, id: 302 ; , Name: modifyedName2, id: 314 ; , Name: modifyedName2, id: 322 ; , Name: modifyedName2, id: 252 ; , Name: name, id: 309 ; , Name: name, id: 310 ; , Name: name, id: 311 ; , Name: name, id: 312 ; , Name: name, id: 313 ; , Name: name, id: 319 ; ]
[Name: listNameG, id: 308 ; , Name: listNameG, id: 316 ; , Name: listNameG, id: 321 ; , Name: modifyedName, id: 306 ; , Name: modifyedName, id: 323 ; , Name: modifyedName2, id: 292 ; , Name: modifyedName2, id: 296 ; , Name: modifyedName2, id: 300 ; , Name: modifyedName2, id: 302 ; , Name: modifyedName2, id: 314 ; , Name: modifyedName2, id: 322 ; , Name: modifyedName2, id: 252 ; , Name: name, id: 309 ; , Name: name, id: 310 ; , Name: name, id: 311 ; , Name: name, id: 312 ; , Name: name, id: 313 ; ]
[Name: listNameG, id: 308 ; , Name: listNameG, id: 316 ; , Name: listNameG, id: 321 ; , Name: modifyedName, id: 306 ; , Name: modifyedName, id: 323 ; , Name: modifyedName2, id: 292 ; , Name: modifyedName2, id: 296 ; , Name: modifyedName2, id: 300 ; , Name: modifyedName2, id: 302 ; , Name: modifyedName2, id: 314 ; , Name: modifyedName2, id: 322 ; , Name: modifyedName2, id: 252 ; , Name: name, id: 309 ; , Name: name, id: 310 ; , Name: name, id: 311 ; , Name: name, id: 312 ; , Name: name, id: 313 ; ]
[Name: listNameG, id: 316 ; , Name: listNameG, id: 321 ; , Name: modifyedName, id: 306 ; , Name: modifyedName, id: 323 ; , Name: modifyedName2, id: 292 ; , Name: modifyedName2, id: 296 ; , Name: modifyedName2, id: 300 ; , Name: modifyedName2, id: 302 ; , Name: modifyedName2, id: 314 ; , Name: modifyedName2, id: 322 ; , Name: modifyedName2, id: 252 ; , Name: name, id: 309 ; , Name: name, id: 310 ; , Name: name, id: 311 ; , Name: name, id: 312 ; , Name: name, id: 313 ; ]
]]></system-out>
  <system-err><![CDATA[]]></system-err>
</testsuite>
