<?xml version="1.0" encoding="UTF-8"?>
<testsuite name="com.telran.qa16.tests.ContactModificationTest" tests="3" skipped="0" failures="0" errors="0" timestamp="2018-08-11T19:27:39" hostname="DESKTOP-Q5R7ENV" time="12.052">
  <properties/>
  <testcase name="modifyContactTest" classname="com.telran.qa16.tests.ContactModificationTest" time="4.145"/>
  <testcase name="modifyContactTest1" classname="com.telran.qa16.tests.ContactModificationTest" time="3.995"/>
  <testcase name="modifyContactUsingSelectByIndexTest" classname="com.telran.qa16.tests.ContactModificationTest" time="3.911"/>
  <system-out><![CDATA[]]></system-out>
  <system-err><![CDATA[]]></system-err>
</testsuite>
