<?xml version="1.0" encoding="UTF-8"?>
<testsuite name="com.telran.qa16.tests.ContactDeletionTest" tests="6" skipped="0" failures="0" errors="0" timestamp="2018-08-17T17:31:29" hostname="DESKTOP-Q5R7ENV" time="69.316">
  <properties/>
  <testcase name="deleteAllContactsTest3" classname="com.telran.qa16.tests.ContactDeletionTest" time="7.385"/>
  <testcase name="deleteContactByIndexUsingListTest" classname="com.telran.qa16.tests.ContactDeletionTest" time="18.158"/>
  <testcase name="deleteContactTest1" classname="com.telran.qa16.tests.ContactDeletionTest" time="7.289"/>
  <testcase name="deleteContactTestByEditIcon" classname="com.telran.qa16.tests.ContactDeletionTest" time="15.179"/>
  <testcase name="deleteContactUsingSelectByIndexTest" classname="com.telran.qa16.tests.ContactDeletionTest" time="17.788"/>
  <testcase name="deleteContactWithListTest" classname="com.telran.qa16.tests.ContactDeletionTest" time="3.513"/>
  <system-out><![CDATA[Name: John   Family: Doe  id: 593
[[First name: John, Last name: Doe, id: 593 ]]
Name: John   Family: Doe  id: 593
Name: John   Family: Doe  id: 594
[[First name: John, Last name: Doe, id: 593 ], [First name: John, Last name: Doe, id: 594 ]]
Name: John   Family: Doe  id: 594
[[First name: John, Last name: Doe, id: 594 ]]
Name: John   Family: Doe  id: 597
[[First name: John, Last name: Doe, id: 597 ]]
[]
]]></system-out>
  <system-err><![CDATA[]]></system-err>
</testsuite>
