<?xml version="1.0" encoding="UTF-8"?>
<testsuite name="com.telran.qa16.tests.ContactModificationTest" tests="4" skipped="0" failures="0" errors="0" timestamp="2018-08-17T17:31:09" hostname="DESKTOP-Q5R7ENV" time="19.447">
  <properties/>
  <testcase name="modifyContactTest" classname="com.telran.qa16.tests.ContactModificationTest" time="5.038"/>
  <testcase name="modifyContactTest1" classname="com.telran.qa16.tests.ContactModificationTest" time="5.024"/>
  <testcase name="modifyContactUsingListTest" classname="com.telran.qa16.tests.ContactModificationTest" time="4.473"/>
  <testcase name="modifyContactUsingSelectByIndexTest" classname="com.telran.qa16.tests.ContactModificationTest" time="4.91"/>
  <system-out><![CDATA[Name: Ivan   Family: Ivanov  id: 590
Name: listName   Family: listFamily  id: 589
Name: Richard   Family: Lockey  id: 592
Name: John   Family: Smith  id: 591
[[First name: Ivan, Last name: Ivanov, id: 590 ], [First name: listName, Last name: listFamily, id: 589 ], [First name: Richard, Last name: Lockey, id: 592 ], [First name: John, Last name: Smith, id: 591 ]]
Name: changeIDname   Family: changeIDfamily  id: 590
Name: listName   Family: listFamily  id: 589
Name: Richard   Family: Lockey  id: 592
Name: John   Family: Smith  id: 591
[[First name: changeIDname, Last name: changeIDfamily, id: 590 ], [First name: listName, Last name: listFamily, id: 589 ], [First name: Richard, Last name: Lockey, id: 592 ], [First name: John, Last name: Smith, id: 591 ]]
]]></system-out>
  <system-err><![CDATA[]]></system-err>
</testsuite>
