<?xml version="1.0" encoding="UTF-8"?>
<testsuite name="com.telran.qa16.tests.ContactDeletionTest" tests="4" skipped="0" failures="0" errors="0" timestamp="2018-08-13T16:56:58" hostname="DESKTOP-Q5R7ENV" time="50.287">
  <properties/>
  <testcase name="deleteAllContactsTest3" classname="com.telran.qa16.tests.ContactDeletionTest" time="5.216"/>
  <testcase name="deleteContactTest1" classname="com.telran.qa16.tests.ContactDeletionTest" time="14.239"/>
  <testcase name="deleteContactTestByEditIcon" classname="com.telran.qa16.tests.ContactDeletionTest" time="14.371"/>
  <testcase name="deleteContactUsingSelectByIndexTest" classname="com.telran.qa16.tests.ContactDeletionTest" time="16.457"/>
  <system-out><![CDATA[]]></system-out>
  <system-err><![CDATA[]]></system-err>
</testsuite>
