<?xml version="1.0" encoding="UTF-8"?>
<testsuite name="com.telran.qa16.tests.GroupDeletionTest" tests="2" skipped="0" failures="0" errors="0" timestamp="2018-08-06T17:15:38" hostname="DESKTOP-Q5R7ENV" time="0.647">
  <properties/>
  <testcase name="groupDeletionTest" classname="com.telran.qa16.tests.GroupDeletionTest" time="0.247"/>
  <testcase name="groupDeletionTestByIndex" classname="com.telran.qa16.tests.GroupDeletionTest" time="0.399"/>
  <system-out><![CDATA[]]></system-out>
  <system-err><![CDATA[]]></system-err>
</testsuite>
