<?xml version="1.0" encoding="UTF-8"?>
<testsuite name="com.telran.qa16.tests.GroupModificationTest" tests="2" skipped="0" failures="0" errors="0" timestamp="2018-08-13T17:10:47" hostname="DESKTOP-Q5R7ENV" time="3.046">
  <properties/>
  <testcase name="groupModificationTest" classname="com.telran.qa16.tests.GroupModificationTest" time="1.595"/>
  <testcase name="groupModificationTestByIndex1" classname="com.telran.qa16.tests.GroupModificationTest" time="1.451"/>
  <system-out><![CDATA[]]></system-out>
  <system-err><![CDATA[]]></system-err>
</testsuite>
