<?xml version="1.0" encoding="UTF-8"?>
<testsuite name="com.telran.qa16.tests.GroupCreationTest" tests="3" skipped="0" failures="0" errors="0" timestamp="2018-08-13T17:10:34" hostname="DESKTOP-Q5R7ENV" time="13.588">
  <properties/>
  <testcase name="groupCreationTest" classname="com.telran.qa16.tests.GroupCreationTest" time="11.397"/>
  <testcase name="groupCreationTestWithLongName" classname="com.telran.qa16.tests.GroupCreationTest" time="1.103"/>
  <testcase name="groupCreationTestWithoutName" classname="com.telran.qa16.tests.GroupCreationTest" time="1.088"/>
  <system-out><![CDATA[]]></system-out>
  <system-err><![CDATA[]]></system-err>
</testsuite>
