<?xml version="1.0" encoding="UTF-8"?>
<testsuite name="com.telran.qa16.tests.GroupCreationTest" tests="3" skipped="0" failures="0" errors="0" timestamp="2018-08-11T19:27:08" hostname="DESKTOP-Q5R7ENV" time="12.088">
  <properties/>
  <testcase name="groupCreationTest" classname="com.telran.qa16.tests.GroupCreationTest" time="10.883"/>
  <testcase name="groupCreationTestWithLongName" classname="com.telran.qa16.tests.GroupCreationTest" time="0.65"/>
  <testcase name="groupCreationTestWithoutName" classname="com.telran.qa16.tests.GroupCreationTest" time="0.554"/>
  <system-out><![CDATA[]]></system-out>
  <system-err><![CDATA[]]></system-err>
</testsuite>
