<?xml version="1.0" encoding="UTF-8"?>
<testsuite name="com.telran.qa16.tests.ContactModificationTest" tests="3" skipped="0" failures="0" errors="0" timestamp="2018-08-13T16:56:46" hostname="DESKTOP-Q5R7ENV" time="12.23">
  <properties/>
  <testcase name="modifyContactTest" classname="com.telran.qa16.tests.ContactModificationTest" time="4.148"/>
  <testcase name="modifyContactTest1" classname="com.telran.qa16.tests.ContactModificationTest" time="4.029"/>
  <testcase name="modifyContactUsingSelectByIndexTest" classname="com.telran.qa16.tests.ContactModificationTest" time="4.053"/>
  <system-out><![CDATA[]]></system-out>
  <system-err><![CDATA[]]></system-err>
</testsuite>
