<?xml version="1.0" encoding="UTF-8"?>
<testsuite name="com.telran.qa16.tests.ContactModificationTest" tests="3" skipped="0" failures="0" errors="0" timestamp="2018-08-13T17:11:11" hostname="DESKTOP-Q5R7ENV" time="15.249">
  <properties/>
  <testcase name="modifyContactTest" classname="com.telran.qa16.tests.ContactModificationTest" time="5.069"/>
  <testcase name="modifyContactTest1" classname="com.telran.qa16.tests.ContactModificationTest" time="5.003"/>
  <testcase name="modifyContactUsingSelectByIndexTest" classname="com.telran.qa16.tests.ContactModificationTest" time="5.177"/>
  <system-out><![CDATA[]]></system-out>
  <system-err><![CDATA[]]></system-err>
</testsuite>
