<?xml version="1.0" encoding="UTF-8"?>
<testsuite name="com.telran.qa16.tests.TestLogin" tests="2" skipped="0" failures="0" errors="0" timestamp="2018-08-13T17:10:22" hostname="DESKTOP-Q5R7ENV" time="12.224">
  <properties/>
  <testcase name="loginNegativeTest" classname="com.telran.qa16.tests.TestLogin" time="5.729"/>
  <testcase name="loginPositiveTest" classname="com.telran.qa16.tests.TestLogin" time="0.731"/>
  <system-out><![CDATA[]]></system-out>
  <system-err><![CDATA[]]></system-err>
</testsuite>
